<?xml version="1.0" encoding="UTF-8"?>
<!-- Generated by org.testng.reporters.JUnitReportReporter -->
<testsuite hostname="DDC5-L-1339XQ3" failures="0" tests="1" name="com.tutorialsninja.qa.testCases.Register" time="28.928" errors="0" timestamp="2024-05-09T22:45:04 IST" skipped="0">
  <testcase classname="com.tutorialsninja.qa.testCases.Register" name="VerifyRegisteringAccountWithoutAnyDetails" time="28.928"/>
</testsuite> <!-- com.tutorialsninja.qa.testCases.Register -->
