<?xml version="1.0" encoding="UTF-8"?>
<!-- Generated by org.testng.reporters.JUnitReportReporter -->
<testsuite hostname="DDC5-L-1339XQ3" failures="0" tests="9" name="com.tutorialsninja.qa.testCases.Login" time="144.304" errors="0" timestamp="2024-05-09T22:09:24 IST" skipped="0">
  <testcase classname="com.tutorialsninja.qa.testCases.Login" name="verifyValidLoginCredentials" time="16.341"/>
  <testcase classname="com.tutorialsninja.qa.testCases.Login" name="verifyInvalidLoginCredentials" time="23.324"/>
  <testcase classname="com.tutorialsninja.qa.testCases.Login" name="verifyInvalidEmailAndValidPassword" time="14.727"/>
  <testcase classname="com.tutorialsninja.qa.testCases.Login" name="verifyValidEmailAndInvalidPassword" time="18.005"/>
  <testcase classname="com.tutorialsninja.qa.testCases.Login" name="verifyLoginWithNoCredentials" time="14.006"/>
  <testcase classname="com.tutorialsninja.qa.testCases.Login" name="verifyValidLoginCredentials1" time="13.642"/>
  <testcase classname="com.tutorialsninja.qa.testCases.Login" name="verifyValidLoginCredentials1" time="15.757"/>
  <testcase classname="com.tutorialsninja.qa.testCases.Login" name="verifyValidLoginCredentials2" time="13.759"/>
  <testcase classname="com.tutorialsninja.qa.testCases.Login" name="verifyValidLoginCredentials2" time="14.743"/>
</testsuite> <!-- com.tutorialsninja.qa.testCases.Login -->
